Sun 21 Apr 2024 12:54:41 INFO  
General Hyper Parameters:
gpu_id = 0
use_gpu = True
seed = 42
state = INFO
reproducibility = True
data_path = /Users/giulia/Desktop/tesi/mind_small15
checkpoint_dir = ./saved
show_progress = True
save_dataset = False
dataset_save_path = None
save_dataloaders = False
dataloaders_save_path = None
log_wandb = False

Training Hyper Parameters:
epochs = 1
train_batch_size = 32
learner = adam
learning_rate = 0.001
train_neg_sample_args = {'distribution': 'none', 'sample_num': 'none', 'alpha': 'none', 'dynamic': False, 'candidate_num': 0}
eval_step = 1
stopping_step = 10
clip_grad_norm = None
weight_decay = 0.0
loss_decimal_place = 4

Evaluation Hyper Parameters:
eval_args = {'split': {'RS': [0.8, 0.1, 0.1]}, 'order': 'RO', 'group_by': None, 'mode': {'valid': 'labeled', 'test': 'labeled'}}
repeatable = False
metrics = ['AUC', 'LogLoss']
topk = [10]
valid_metric = AUC
valid_metric_bigger = True
eval_batch_size = 32
metric_decimal_place = 4

Dataset Hyper Parameters:
field_separator = 	
seq_separator =  
USER_ID_FIELD = user_id
ITEM_ID_FIELD = item_id
RATING_FIELD = rating
TIME_FIELD = timestamp
seq_len = None
LABEL_FIELD = label
threshold = None
NEG_PREFIX = neg_
load_col = {'inter': ['user_id', 'item_id', 'label', 'timestamp'], 'user': ['uid', 'user_emb']}
unload_col = None
unused_col = None
additional_feat_suffix = None
rm_dup_inter = None
val_interval = None
filter_inter_by_user_or_item = True
user_inter_num_interval = [0,inf)
item_inter_num_interval = [0,inf)
alias_of_user_id = None
alias_of_item_id = None
alias_of_entity_id = None
alias_of_relation_id = None
preload_weight = None
normalize_field = None
normalize_all = None
ITEM_LIST_LENGTH_FIELD = item_length
LIST_SUFFIX = _list
MAX_ITEM_LIST_LENGTH = 50
POSITION_FIELD = position_id
HEAD_ENTITY_ID_FIELD = head_id
TAIL_ENTITY_ID_FIELD = tail_id
RELATION_ID_FIELD = relation_id
ENTITY_ID_FIELD = entity_id
benchmark_filename = None

Other Hyper Parameters: 
worker = 0
wandb_project = recbole
shuffle = True
require_pow = False
enable_amp = False
enable_scaler = False
transform = None
embedding_size = 16
mlp_hidden_size = [128, 128, 128]
dropout_prob = 0.2
numerical_features = []
discretization = None
kg_reverse_r = False
entity_kg_num_interval = [0,inf)
relation_kg_num_interval = [0,inf)
MODEL_TYPE = ModelType.CONTEXT
split_ratio = [0.8, 0.1, 0.1]
device = cpu
l2_reg = 0.001
early_stopping_patience = 5
early_stopping_metric = Recall
log_level = DEBUG
MODEL_INPUT_TYPE = InputType.POINTWISE
eval_type = EvaluatorType.VALUE
single_spec = True
local_rank = 0
valid_neg_sample_args = {'distribution': 'none', 'sample_num': 'none'}
test_neg_sample_args = {'distribution': 'none', 'sample_num': 'none'}


Sun 21 Apr 2024 12:55:45 INFO  mind_small15
The number of users: 86339
Average actions of users: 182.97368482012556
The number of items: 26938
Average actions of items: 586.4640457363478
The number of inters: 15797582
The sparsity of the dataset: 99.320767816568%
Remain Fields: ['user_id', 'item_id', 'label', 'timestamp']
Sun 21 Apr 2024 12:57:47 INFO  [Training]: train_batch_size = [32] train_neg_sample_args: [{'distribution': 'none', 'sample_num': 'none', 'alpha': 'none', 'dynamic': False, 'candidate_num': 0}]
Sun 21 Apr 2024 12:57:47 INFO  [Evaluation]: eval_batch_size = [32] eval_args: [{'split': {'RS': [0.8, 0.1, 0.1]}, 'order': 'RO', 'group_by': None, 'mode': {'valid': 'labeled', 'test': 'labeled'}}]
Sun 21 Apr 2024 12:57:47 INFO  DeepFM(
  (token_embedding_table): FMEmbedding(
    (embedding): Embedding(113277, 16)
  )
  (first_order_linear): FMFirstOrderLinear(
    (token_embedding_table): FMEmbedding(
      (embedding): Embedding(113277, 1)
    )
  )
  (fm): BaseFactorizationMachine()
  (mlp_layers): MLPLayers(
    (mlp_layers): Sequential(
      (0): Dropout(p=0.2, inplace=False)
      (1): Linear(in_features=32, out_features=128, bias=True)
      (2): ReLU()
      (3): Dropout(p=0.2, inplace=False)
      (4): Linear(in_features=128, out_features=128, bias=True)
      (5): ReLU()
      (6): Dropout(p=0.2, inplace=False)
      (7): Linear(in_features=128, out_features=128, bias=True)
      (8): ReLU()
    )
  )
  (deep_predict_layer): Linear(in_features=128, out_features=1, bias=True)
  (sigmoid): Sigmoid()
  (loss): BCEWithLogitsLoss()
)
Trainable parameters: 1963087
Sun 21 Apr 2024 13:36:23 INFO  epoch 0 training [time: 2311.68s, train loss: 48637.5453]
Sun 21 Apr 2024 13:37:10 INFO  epoch 0 evaluating [time: 46.77s, valid_score: 0.985400]
Sun 21 Apr 2024 13:37:10 INFO  valid result: 
auc : 0.9854    logloss : 0.1321
Sun 21 Apr 2024 13:37:10 INFO  Saving current: ./saved/DeepFM-Apr-21-2024_12-57-47.pth
Sun 21 Apr 2024 13:37:20 INFO  Loading model structure and parameters from ./saved/DeepFM-Apr-21-2024_12-57-47.pth
Sun 21 Apr 2024 13:38:03 INFO  OrderedDict([('auc', 0.9854), ('logloss', 0.1324)])
Sun 21 Apr 2024 13:44:02 INFO  
General Hyper Parameters:
gpu_id = 0
use_gpu = True
seed = 42
state = INFO
reproducibility = True
data_path = /Users/giulia/Desktop/tesi/mind_small15
checkpoint_dir = ./saved
show_progress = True
save_dataset = False
dataset_save_path = None
save_dataloaders = False
dataloaders_save_path = None
log_wandb = False

Training Hyper Parameters:
epochs = 10
train_batch_size = 32
learner = adam
learning_rate = 0.001
train_neg_sample_args = {'distribution': 'none', 'sample_num': 'none', 'alpha': 'none', 'dynamic': False, 'candidate_num': 0}
eval_step = 1
stopping_step = 10
clip_grad_norm = None
weight_decay = 0.0
loss_decimal_place = 4

Evaluation Hyper Parameters:
eval_args = {'split': {'RS': [0.8, 0.1, 0.1]}, 'order': 'RO', 'group_by': None, 'mode': {'valid': 'labeled', 'test': 'labeled'}}
repeatable = False
metrics = ['Recall', 'MRR', 'NDCG', 'Hit', 'Precision']
topk = [10]
valid_metric = AUC
valid_metric_bigger = True
eval_batch_size = 32
metric_decimal_place = 4

Dataset Hyper Parameters:
field_separator = 	
seq_separator =  
USER_ID_FIELD = user_id
ITEM_ID_FIELD = item_id
RATING_FIELD = rating
TIME_FIELD = timestamp
seq_len = None
LABEL_FIELD = label
threshold = None
NEG_PREFIX = neg_
load_col = {'inter': ['user_id', 'item_id', 'label', 'timestamp'], 'user': ['uid', 'user_emb']}
unload_col = None
unused_col = None
additional_feat_suffix = None
rm_dup_inter = None
val_interval = None
filter_inter_by_user_or_item = True
user_inter_num_interval = [0,inf)
item_inter_num_interval = [0,inf)
alias_of_user_id = None
alias_of_item_id = None
alias_of_entity_id = None
alias_of_relation_id = None
preload_weight = None
normalize_field = None
normalize_all = None
ITEM_LIST_LENGTH_FIELD = item_length
LIST_SUFFIX = _list
MAX_ITEM_LIST_LENGTH = 50
POSITION_FIELD = position_id
HEAD_ENTITY_ID_FIELD = head_id
TAIL_ENTITY_ID_FIELD = tail_id
RELATION_ID_FIELD = relation_id
ENTITY_ID_FIELD = entity_id
benchmark_filename = None

Other Hyper Parameters: 
worker = 0
wandb_project = recbole
shuffle = True
require_pow = False
enable_amp = False
enable_scaler = False
transform = None
embedding_size = 32
mlp_hidden_size = [128, 128, 128]
dropout_prob = 0.2
numerical_features = []
discretization = None
kg_reverse_r = False
entity_kg_num_interval = [0,inf)
relation_kg_num_interval = [0,inf)
MODEL_TYPE = ModelType.CONTEXT
split_ratio = [0.8, 0.1, 0.1]
device = cpu
l2_reg = 0.001
early_stopping_patience = 5
early_stopping_metric = Recall
log_level = DEBUG
MODEL_INPUT_TYPE = InputType.POINTWISE
eval_type = EvaluatorType.RANKING
single_spec = True
local_rank = 0
valid_neg_sample_args = {'distribution': 'none', 'sample_num': 'none'}
test_neg_sample_args = {'distribution': 'none', 'sample_num': 'none'}


Sun 21 Apr 2024 13:45:24 INFO  mind_small15
The number of users: 86339
Average actions of users: 182.97368482012556
The number of items: 26938
Average actions of items: 586.4640457363478
The number of inters: 15797582
The sparsity of the dataset: 99.320767816568%
Remain Fields: ['user_id', 'item_id', 'label', 'timestamp']
Sun 21 Apr 2024 13:45:36 INFO  [Training]: train_batch_size = [32] train_neg_sample_args: [{'distribution': 'none', 'sample_num': 'none', 'alpha': 'none', 'dynamic': False, 'candidate_num': 0}]
Sun 21 Apr 2024 13:45:36 INFO  [Evaluation]: eval_batch_size = [32] eval_args: [{'split': {'RS': [0.8, 0.1, 0.1]}, 'order': 'RO', 'group_by': None, 'mode': {'valid': 'labeled', 'test': 'labeled'}}]
Sun 21 Apr 2024 13:45:36 INFO  DeepFM(
  (token_embedding_table): FMEmbedding(
    (embedding): Embedding(113277, 32)
  )
  (first_order_linear): FMFirstOrderLinear(
    (token_embedding_table): FMEmbedding(
      (embedding): Embedding(113277, 1)
    )
  )
  (fm): BaseFactorizationMachine()
  (mlp_layers): MLPLayers(
    (mlp_layers): Sequential(
      (0): Dropout(p=0.2, inplace=False)
      (1): Linear(in_features=64, out_features=128, bias=True)
      (2): ReLU()
      (3): Dropout(p=0.2, inplace=False)
      (4): Linear(in_features=128, out_features=128, bias=True)
      (5): ReLU()
      (6): Dropout(p=0.2, inplace=False)
      (7): Linear(in_features=128, out_features=128, bias=True)
      (8): ReLU()
    )
  )
  (deep_predict_layer): Linear(in_features=128, out_features=1, bias=True)
  (sigmoid): Sigmoid()
  (loss): BCEWithLogitsLoss()
)
Trainable parameters: 3779615




----------------------------------------------------------------
Evaluation
----------------------------------------------------------------

21 Apr 13:37    INFO  Loading model structure and parameters from ./saved/DeepFM-Apr-21-2024_12-57-47.pth
Loading model structure and parameters from ./saved/DeepFM-Apr-21-2024_12-57-47.pth
21 Apr 13:38    INFO  OrderedDict([('auc', 0.9854), ('logloss', 0.1324)])
OrderedDict([('auc', 0.9854), ('logloss', 0.1324)])
