Fri 22 Mar 2024 10:53:04 INFO  ['/Users/giulia/miniconda3/envs/recbole-env/lib/python3.8/site-packages/ipykernel_launcher.py', '-f', '/Users/giulia/Library/Jupyter/runtime/kernel-b11dec0e-9f64-468f-a6ab-f56a30bb84d3.json']
Fri 22 Mar 2024 10:53:04 INFO  
General Hyper Parameters:
gpu_id = 0
use_gpu = True
seed = 2020
state = INFO
reproducibility = True
data_path = /Users/giulia/Desktop/tesi/RecDatasets/conversion_tools/mind_small
checkpoint_dir = saved
show_progress = True
save_dataset = False
dataset_save_path = None
save_dataloaders = False
dataloaders_save_path = None
log_wandb = False

Training Hyper Parameters:
epochs = 1
train_batch_size = 2048
learner = adam
learning_rate = 0.001
train_neg_sample_args = {'distribution': 'uniform', 'sample_num': 1, 'alpha': 1.0, 'dynamic': False, 'candidate_num': 0}
eval_step = 1
stopping_step = 10
clip_grad_norm = None
weight_decay = 0.0
loss_decimal_place = 4

Evaluation Hyper Parameters:
eval_args = {'split': {'RS': [0.7, 0.15, 0.15]}, 'order': 'RO', 'group_by': 'user', 'mode': {'valid': 'full', 'test': 'full'}}
repeatable = False
metrics = ['Recall', 'MRR', 'NDCG', 'Hit', 'Precision']
topk = [10]
valid_metric = MRR@10
valid_metric_bigger = True
eval_batch_size = 4096
metric_decimal_place = 4

Dataset Hyper Parameters:
field_separator = 	
seq_separator =  
USER_ID_FIELD = user_id
ITEM_ID_FIELD = item_id
RATING_FIELD = rating
TIME_FIELD = timestamp
seq_len = None
LABEL_FIELD = label
threshold = None
NEG_PREFIX = neg_
load_col = {'inter': ['user_id', 'item_id']}
unload_col = None
unused_col = None
additional_feat_suffix = None
rm_dup_inter = None
val_interval = None
filter_inter_by_user_or_item = True
user_inter_num_interval = [0,inf)
item_inter_num_interval = [0,inf)
alias_of_user_id = None
alias_of_item_id = None
alias_of_entity_id = None
alias_of_relation_id = None
preload_weight = None
normalize_field = None
normalize_all = None
ITEM_LIST_LENGTH_FIELD = item_length
LIST_SUFFIX = _list
MAX_ITEM_LIST_LENGTH = 50
POSITION_FIELD = position_id
HEAD_ENTITY_ID_FIELD = head_id
TAIL_ENTITY_ID_FIELD = tail_id
RELATION_ID_FIELD = relation_id
ENTITY_ID_FIELD = entity_id
benchmark_filename = None

Other Hyper Parameters: 
worker = 0
wandb_project = recbole
shuffle = True
require_pow = False
enable_amp = False
enable_scaler = False
transform = None
inter_matrix_type = 01
user_embedding_size = 64
item_embedding_size = 64
user_hidden_size_list = [64, 64]
item_hidden_size_list = [64, 64]
embedding_size = 10
numerical_features = []
discretization = None
kg_reverse_r = False
entity_kg_num_interval = [0,inf)
relation_kg_num_interval = [0,inf)
MODEL_TYPE = ModelType.GENERAL
min_user_inter_num = 50
min_item_inter_num = 50
split_ratio = [0.7, 0.15, 0.15]
MODEL_INPUT_TYPE = InputType.POINTWISE
eval_type = EvaluatorType.RANKING
single_spec = True
local_rank = 0
device = cpu
valid_neg_sample_args = {'distribution': 'uniform', 'sample_num': 'none'}
test_neg_sample_args = {'distribution': 'uniform', 'sample_num': 'none'}


Fri 22 Mar 2024 10:53:37 INFO  mind_small
The number of users: 94058
Average actions of users: 91.26627470576352
The number of items: 22772
Average actions of items: 376.98089675464405
The number of inters: 8584232
The sparsity of the dataset: 99.5992213929973%
Remain Fields: ['user_id', 'item_id']
Fri 22 Mar 2024 10:53:49 INFO  [Training]: train_batch_size = [2048] train_neg_sample_args: [{'distribution': 'uniform', 'sample_num': 1, 'alpha': 1.0, 'dynamic': False, 'candidate_num': 0}]
Fri 22 Mar 2024 10:53:49 INFO  [Evaluation]: eval_batch_size = [4096] eval_args: [{'split': {'RS': [0.7, 0.15, 0.15]}, 'order': 'RO', 'group_by': 'user', 'mode': {'valid': 'full', 'test': 'full'}}]
Fri 22 Mar 2024 10:53:50 WARNING  Max value of item's history interaction records has reached 36.40838631482703% of the total.
Fri 22 Mar 2024 10:54:08 INFO  DMF(
  (user_linear): Linear(in_features=22772, out_features=64, bias=False)
  (item_linear): Linear(in_features=94058, out_features=64, bias=False)
  (user_fc_layers): MLPLayers(
    (mlp_layers): Sequential(
      (0): Dropout(p=0.0, inplace=False)
      (1): Linear(in_features=64, out_features=64, bias=True)
      (2): ReLU()
      (3): Dropout(p=0.0, inplace=False)
      (4): Linear(in_features=64, out_features=64, bias=True)
      (5): ReLU()
    )
  )
  (item_fc_layers): MLPLayers(
    (mlp_layers): Sequential(
      (0): Dropout(p=0.0, inplace=False)
      (1): Linear(in_features=64, out_features=64, bias=True)
      (2): ReLU()
      (3): Dropout(p=0.0, inplace=False)
      (4): Linear(in_features=64, out_features=64, bias=True)
      (5): ReLU()
    )
  )
  (sigmoid): Sigmoid()
  (bce_loss): BCEWithLogitsLoss()
)
Trainable parameters: 7493760
Fri 22 Mar 2024 10:54:11 INFO  FLOPs: 7493504.0
Fri 22 Mar 2024 13:05:15 INFO  epoch 0 training [time: 7862.72s, train loss: 2569.0905]
Fri 22 Mar 2024 13:08:48 INFO  epoch 0 evaluating [time: 213.48s, valid_score: 0.544100]
Fri 22 Mar 2024 13:08:48 INFO  valid result: 
recall@10 : 0.3463    mrr@10 : 0.5441    ndcg@10 : 0.3792    hit@10 : 0.8437    precision@10 : 0.2329
Fri 22 Mar 2024 13:08:49 INFO  Saving current: saved/DMF-Mar-22-2024_10-54-11.pth
Fri 22 Mar 2024 13:08:49 INFO  Loading model structure and parameters from saved/DMF-Mar-22-2024_10-54-11.pth
Fri 22 Mar 2024 13:13:13 INFO  The running environment of this training is as follows:
+-------------+---------------+
| Environment |     Usage     |
+=============+===============+
| CPU         |    37.50 %    |
+-------------+---------------+
| GPU         |   0.0 / 0.0   |
+-------------+---------------+
| Memory      | 0.22 G/8.00 G |
+-------------+---------------+
Fri 22 Mar 2024 13:13:13 INFO  best valid : OrderedDict([('recall@10', 0.3463), ('mrr@10', 0.5441), ('ndcg@10', 0.3792), ('hit@10', 0.8437), ('precision@10', 0.2329)])
Fri 22 Mar 2024 13:13:13 INFO  test result: OrderedDict([('recall@10', 0.3806), ('mrr@10', 0.6231), ('ndcg@10', 0.4367), ('hit@10', 0.8485), ('precision@10', 0.2556)])
