Thu 21 Mar 2024 16:41:50 INFO  ['/Users/giulia/miniconda3/envs/recbole-env/lib/python3.8/site-packages/ipykernel_launcher.py', '-f', '/Users/giulia/Library/Jupyter/runtime/kernel-4a11d26b-78fe-4c26-9441-35d0836a16ac.json']
Thu 21 Mar 2024 16:41:50 INFO  
General Hyper Parameters:
gpu_id = 0
use_gpu = True
seed = 2020
state = INFO
reproducibility = True
data_path = /Users/giulia/Desktop/tesi/RecDatasets/conversion_tools/mind_small
checkpoint_dir = saved
show_progress = True
save_dataset = False
dataset_save_path = None
save_dataloaders = False
dataloaders_save_path = None
log_wandb = False

Training Hyper Parameters:
epochs = 0
train_batch_size = 2048
learner = adam
learning_rate = 0.001
train_neg_sample_args = {'distribution': 'uniform', 'sample_num': 1, 'alpha': 1.0, 'dynamic': False, 'candidate_num': 0}
eval_step = 1
stopping_step = 10
clip_grad_norm = None
weight_decay = 0.0
loss_decimal_place = 4

Evaluation Hyper Parameters:
eval_args = {'split': {'RS': [0.7, 0.15, 0.15]}, 'order': 'RO', 'group_by': 'user', 'mode': {'valid': 'full', 'test': 'full'}}
repeatable = False
metrics = ['Recall', 'MRR', 'NDCG', 'Hit', 'Precision']
topk = [10]
valid_metric = MRR@10
valid_metric_bigger = True
eval_batch_size = 4096
metric_decimal_place = 4

Dataset Hyper Parameters:
field_separator = 	
seq_separator =  
USER_ID_FIELD = user_id
ITEM_ID_FIELD = item_id
RATING_FIELD = rating
TIME_FIELD = timestamp
seq_len = None
LABEL_FIELD = label
threshold = None
NEG_PREFIX = neg_
load_col = {'inter': ['user_id', 'item_id']}
unload_col = None
unused_col = None
additional_feat_suffix = None
rm_dup_inter = None
val_interval = None
filter_inter_by_user_or_item = True
user_inter_num_interval = [0,inf)
item_inter_num_interval = [0,inf)
alias_of_user_id = None
alias_of_item_id = None
alias_of_entity_id = None
alias_of_relation_id = None
preload_weight = None
normalize_field = None
normalize_all = None
ITEM_LIST_LENGTH_FIELD = item_length
LIST_SUFFIX = _list
MAX_ITEM_LIST_LENGTH = 50
POSITION_FIELD = position_id
HEAD_ENTITY_ID_FIELD = head_id
TAIL_ENTITY_ID_FIELD = tail_id
RELATION_ID_FIELD = relation_id
ENTITY_ID_FIELD = entity_id
benchmark_filename = None

Other Hyper Parameters: 
worker = 0
wandb_project = recbole
shuffle = True
require_pow = False
enable_amp = False
enable_scaler = False
transform = None
mf_embedding_size = 64
mlp_embedding_size = 64
mlp_hidden_size = [128, 64]
dropout_prob = 0.1
mf_train = True
mlp_train = True
use_pretrain = False
mf_pretrain_path = None
mlp_pretrain_path = None
numerical_features = []
discretization = None
kg_reverse_r = False
entity_kg_num_interval = [0,inf)
relation_kg_num_interval = [0,inf)
MODEL_TYPE = ModelType.GENERAL
min_user_inter_num = 50
min_item_inter_num = 50
split_ratio = [0.7, 0.15, 0.15]
MODEL_INPUT_TYPE = InputType.POINTWISE
eval_type = EvaluatorType.RANKING
single_spec = True
local_rank = 0
device = cpu
valid_neg_sample_args = {'distribution': 'uniform', 'sample_num': 'none'}
test_neg_sample_args = {'distribution': 'uniform', 'sample_num': 'none'}


Thu 21 Mar 2024 16:42:24 INFO  mind_small
The number of users: 94058
Average actions of users: 91.26627470576352
The number of items: 22772
Average actions of items: 376.98089675464405
The number of inters: 8584232
The sparsity of the dataset: 99.5992213929973%
Remain Fields: ['user_id', 'item_id']
Thu 21 Mar 2024 16:42:36 INFO  [Training]: train_batch_size = [2048] train_neg_sample_args: [{'distribution': 'uniform', 'sample_num': 1, 'alpha': 1.0, 'dynamic': False, 'candidate_num': 0}]
Thu 21 Mar 2024 16:42:36 INFO  [Evaluation]: eval_batch_size = [4096] eval_args: [{'split': {'RS': [0.7, 0.15, 0.15]}, 'order': 'RO', 'group_by': 'user', 'mode': {'valid': 'full', 'test': 'full'}}]
Thu 21 Mar 2024 16:42:37 INFO  NeuMF(
  (user_mf_embedding): Embedding(94058, 64)
  (item_mf_embedding): Embedding(22772, 64)
  (user_mlp_embedding): Embedding(94058, 64)
  (item_mlp_embedding): Embedding(22772, 64)
  (mlp_layers): MLPLayers(
    (mlp_layers): Sequential(
      (0): Dropout(p=0.1, inplace=False)
      (1): Linear(in_features=128, out_features=128, bias=True)
      (2): ReLU()
      (3): Dropout(p=0.1, inplace=False)
      (4): Linear(in_features=128, out_features=64, bias=True)
      (5): ReLU()
    )
  )
  (predict_layer): Linear(in_features=128, out_features=1, bias=True)
  (sigmoid): Sigmoid()
  (loss): BCEWithLogitsLoss()
)
Trainable parameters: 14979137
Thu 21 Mar 2024 16:42:37 INFO  FLOPs: 24960.0
Thu 21 Mar 2024 16:42:37 INFO  Saving current: saved/NeuMF-Mar-21-2024_16-42-37.pth
Thu 21 Mar 2024 16:42:37 INFO  Loading model structure and parameters from saved/NeuMF-Mar-21-2024_16-42-37.pth
Thu 21 Mar 2024 17:18:20 INFO  The running environment of this training is as follows:
+-------------+---------------+
| Environment |     Usage     |
+=============+===============+
| CPU         |    16.10 %    |
+-------------+---------------+
| GPU         |   0.0 / 0.0   |
+-------------+---------------+
| Memory      | 0.31 G/8.00 G |
+-------------+---------------+
Thu 21 Mar 2024 17:18:20 INFO  best valid : None
Thu 21 Mar 2024 17:18:20 INFO  test result: OrderedDict([('recall@10', 0.0), ('mrr@10', 0.0001), ('ndcg@10', 0.0001), ('hit@10', 0.0006), ('precision@10', 0.0001)])
